#
# There is insufficient memory for the Java Runtime Environment to continue.
# Native memory allocation (malloc) failed to allocate 32744 bytes for ChunkPool::allocate
# Possible reasons:
#   The system is out of physical RAM or swap space
#   The process is running with CompressedOops enabled, and the Java Heap may be blocking the growth of the native heap
# Possible solutions:
#   Reduce memory load on the system
#   Increase physical memory or swap space
#   Check if swap backing store is full
#   Decrease Java heap size (-Xmx/-Xms)
#   Decrease number of Java threads
#   Decrease Java thread stack sizes (-Xss)
#   Set larger code cache with -XX:ReservedCodeCacheSize=
#   JVM is running with Unscaled Compressed Oops mode in which the Java heap is
#     placed in the first 4GB address space. The Java Heap base address is the
#     maximum limit for the native heap growth. Please use -XX:HeapBaseMinAddress
#     to set the Java Heap base and to place the Java Heap above 4GB virtual address.
# This output file may be truncated or incomplete.
#
#  Out of Memory Error (allocation.cpp:273), pid=31700, tid=0x0000000000001a44
#
# JRE version: Java(TM) SE Runtime Environment (8.0_192-b12) (build 1.8.0_192-b12)
# Java VM: Java HotSpot(TM) 64-Bit Server VM (25.192-b12 mixed mode windows-amd64 compressed oops)
# Failed to write core dump. Minidumps are not enabled by default on client versions of Windows
#

---------------  T H R E A D  ---------------

Current thread (0x00000000194f2800):  JavaThread "C2 CompilerThread0" daemon [_thread_in_native, id=6724, stack(0x0000000019bc0000,0x0000000019cc0000)]

Stack: [0x0000000019bc0000,0x0000000019cc0000]
[error occurred during error reporting (printing stack bounds), id 0xc0000005]

Native frames: (J=compiled Java code, j=interpreted, Vv=VM code, C=native code)


Current CompileTask:
C2:   2267 1619   !   4       java.net.URLClassLoader$1::run (63 bytes)


---------------  P R O C E S S  ---------------

Java Threads: ( => current thread )
  0x0000000019581000 JavaThread "Service Thread" daemon [_thread_blocked, id=19684, stack(0x0000000019ec0000,0x0000000019fc0000)]
  0x00000000194fa000 JavaThread "C1 CompilerThread2" daemon [_thread_blocked, id=19972, stack(0x0000000019dc0000,0x0000000019ec0000)]
  0x00000000194f6800 JavaThread "C2 CompilerThread1" daemon [_thread_in_native, id=13484, stack(0x0000000019cc0000,0x0000000019dc0000)]
=>0x00000000194f2800 JavaThread "C2 CompilerThread0" daemon [_thread_in_native, id=6724, stack(0x0000000019bc0000,0x0000000019cc0000)]
  0x00000000194da000 JavaThread "Monitor Ctrl-Break" daemon [_thread_in_native, id=12284, stack(0x0000000019ac0000,0x0000000019bc0000)]
  0x000000001816e000 JavaThread "Attach Listener" daemon [_thread_blocked, id=11656, stack(0x00000000199c0000,0x0000000019ac0000)]
  0x00000000194c8800 JavaThread "Signal Dispatcher" daemon [_thread_blocked, id=29544, stack(0x00000000198c0000,0x00000000199c0000)]
  0x00000000035ba800 JavaThread "Finalizer" daemon [_thread_blocked, id=24824, stack(0x00000000193c0000,0x00000000194c0000)]
  0x00000000035b2000 JavaThread "Reference Handler" daemon [_thread_blocked, id=3176, stack(0x00000000192c0000,0x00000000193c0000)]
  0x00000000034c2800 JavaThread "main" [_thread_in_native, id=26196, stack(0x00000000031e0000,0x00000000032e0000)]

Other Threads:
  0x0000000018127000 VMThread [stack: 0x00000000191c0000,0x00000000192c0000] [id=25216]
  0x0000000019588800 WatcherThread [stack: 0x0000000019fc0000,0x000000001a0c0000] [id=31512]

VM state:not at safepoint (normal execution)

VM Mutex/Monitor currently owned by a thread: None

heap address: 0x0000000080e00000, size: 2034 MB, Compressed Oops mode: 32-bit
Narrow klass base: 0x0000000000000000, Narrow klass shift: 3
Compressed class space size: 1073741824 Address: 0x0000000100000000

Heap:
 PSYoungGen      total 38400K, used 5773K [0x00000000d5a00000, 0x00000000da500000, 0x0000000100000000)
  eden space 33280K, 1% used [0x00000000d5a00000,0x00000000d5aa4960,0x00000000d7a80000)
  from space 5120K, 99% used [0x00000000d7a80000,0x00000000d7f7ee78,0x00000000d7f80000)
  to   space 5120K, 0% used [0x00000000da000000,0x00000000da000000,0x00000000da500000)
 ParOldGen       total 87552K, used 4222K [0x0000000080e00000, 0x0000000086380000, 0x00000000d5a00000)
  object space 87552K, 4% used [0x0000000080e00000,0x000000008121fbc8,0x0000000086380000)
 Metaspace       used 16658K, capacity 16890K, committed 17280K, reserved 1064960K
  class space    used 2020K, capacity 2103K, committed 2176K, reserved 1048576K

Card table byte_map: [0x0000000012980000,0x0000000012d80000] byte_map_base: 0x0000000012579000

Marking Bits: (ParMarkBitMap*) 0x0000000074783ce0
 Begin Bits: [0x0000000013430000, 0x00000000153f8000)
 End Bits:   [0x00000000153f8000, 0x00000000173c0000)

Polling page: 0x0000000001550000

CodeCache: size=245760Kb used=5772Kb max_used=5772Kb free=239987Kb
 bounds [0x00000000035c0000, 0x0000000003b70000, 0x00000000125c0000]
 total_blobs=2075 nmethods=1698 adapters=289
 compilation: enabled

Compilation events (10 events):
Event: 2.132 Thread 0x00000000194fa000 1687       3       java.security.Provider::checkLegacy (41 bytes)
Event: 2.132 Thread 0x00000000194fa000 nmethod 1687 0x0000000003b58690 code [0x0000000003b58840, 0x0000000003b58ec8]
Event: 2.132 Thread 0x00000000194fa000 1688       3       java.security.Provider$ServiceKey::<init> (39 bytes)
Event: 2.132 Thread 0x00000000194fa000 nmethod 1688 0x0000000003b59110 code [0x0000000003b592a0, 0x0000000003b59678]
Event: 2.132 Thread 0x00000000194fa000 1689       3       java.security.Provider::parseLegacyPut (457 bytes)
Event: 2.134 Thread 0x00000000194fa000 nmethod 1689 0x0000000003b597d0 code [0x0000000003b59c80, 0x0000000003b5c6f8]
Event: 2.137 Thread 0x00000000194fa000 1690       3       java.util.HashMap$KeyIterator::next (8 bytes)
Event: 2.137 Thread 0x00000000194fa000 nmethod 1690 0x0000000003b5e0d0 code [0x0000000003b5e240, 0x0000000003b5e448]
Event: 2.137 Thread 0x00000000194fa000 1691       3       java.util.HashSet::iterator (13 bytes)
Event: 2.137 Thread 0x00000000194fa000 nmethod 1691 0x0000000003b5e510 code [0x0000000003b5e680, 0x0000000003b5e958]

GC Heap History (4 events):
Event: 0.815 GC heap before
{Heap before GC invocations=1 (full 0):
 PSYoungGen      total 38400K, used 33280K [0x00000000d5a00000, 0x00000000d8480000, 0x0000000100000000)
  eden space 33280K, 100% used [0x00000000d5a00000,0x00000000d7a80000,0x00000000d7a80000)
  from space 5120K, 0% used [0x00000000d7f80000,0x00000000d7f80000,0x00000000d8480000)
  to   space 5120K, 0% used [0x00000000d7a80000,0x00000000d7a80000,0x00000000d7f80000)
 ParOldGen       total 87552K, used 0K [0x0000000080e00000, 0x0000000086380000, 0x00000000d5a00000)
  object space 87552K, 0% used [0x0000000080e00000,0x0000000080e00000,0x0000000086380000)
 Metaspace       used 8785K, capacity 8936K, committed 9088K, reserved 1056768K
  class space    used 1049K, capacity 1084K, committed 1152K, reserved 1048576K
Event: 0.823 GC heap after
Heap after GC invocations=1 (full 0):
 PSYoungGen      total 38400K, used 5090K [0x00000000d5a00000, 0x00000000d8480000, 0x0000000100000000)
  eden space 33280K, 0% used [0x00000000d5a00000,0x00000000d5a00000,0x00000000d7a80000)
  from space 5120K, 99% used [0x00000000d7a80000,0x00000000d7f78968,0x00000000d7f80000)
  to   space 5120K, 0% used [0x00000000d7f80000,0x00000000d7f80000,0x00000000d8480000)
 ParOldGen       total 87552K, used 232K [0x0000000080e00000, 0x0000000086380000, 0x00000000d5a00000)
  object space 87552K, 0% used [0x0000000080e00000,0x0000000080e3a198,0x0000000086380000)
 Metaspace       used 8785K, capacity 8936K, committed 9088K, reserved 1056768K
  class space    used 1049K, capacity 1084K, committed 1152K, reserved 1048576K
}
Event: 1.078 GC heap before
{Heap before GC invocations=2 (full 0):
 PSYoungGen      total 38400K, used 38370K [0x00000000d5a00000, 0x00000000d8480000, 0x0000000100000000)
  eden space 33280K, 100% used [0x00000000d5a00000,0x00000000d7a80000,0x00000000d7a80000)
  from space 5120K, 99% used [0x00000000d7a80000,0x00000000d7f78968,0x00000000d7f80000)
  to   space 5120K, 0% used [0x00000000d7f80000,0x00000000d7f80000,0x00000000d8480000)
 ParOldGen       total 87552K, used 232K [0x0000000080e00000, 0x0000000086380000, 0x00000000d5a00000)
  object space 87552K, 0% used [0x0000000080e00000,0x0000000080e3a198,0x0000000086380000)
 Metaspace       used 11767K, capacity 12074K, committed 12288K, reserved 1060864K
  class space    used 1435K, capacity 1511K, committed 1536K, reserved 1048576K
Event: 1.084 GC heap after
Heap after GC invocations=2 (full 0):
 PSYoungGen      total 38400K, used 5105K [0x00000000d5a00000, 0x00000000da500000, 0x0000000100000000)
  eden space 33280K, 0% used [0x00000000d5a00000,0x00000000d5a00000,0x00000000d7a80000)
  from space 5120K, 99% used [0x00000000d7f80000,0x00000000d847c7b0,0x00000000d8480000)
  to   space 5120K, 0% used [0x00000000d7a80000,0x00000000d7a80000,0x00000000d7f80000)
 ParOldGen       total 87552K, used 1574K [0x0000000080e00000, 0x0000000086380000, 0x00000000d5a00000)
  object space 87552K, 1% used [0x0000000080e00000,0x0000000080f89a90,0x0000000086380000)
 Metaspace       used 11767K, capacity 12074K, committed 12288K, reserved 1060864K
  class space    used 1435K, capacity 1511K, committed 1536K, reserved 1048576K
}

Deoptimization events (10 events):
Event: 0.883 Thread 0x00000000034c2800 Uncommon trap: reason=unstable_if action=reinterpret pc=0x0000000003837280 method=java.util.HashMap.getNode(ILjava/lang/Object;)Ljava/util/HashMap$Node; @ 129
Event: 0.886 Thread 0x00000000034c2800 Uncommon trap: reason=range_check action=make_not_entrant pc=0x00000000038c9fa0 method=sun.reflect.generics.parser.SignatureParser.current()C @ 34
Event: 1.283 Thread 0x00000000034c2800 Uncommon trap: reason=unstable_if action=reinterpret pc=0x00000000039fe498 method=java.lang.reflect.Modifier.isSynthetic(I)Z @ 5
Event: 1.312 Thread 0x00000000034c2800 Uncommon trap: reason=null_check action=make_not_entrant pc=0x00000000037ab814 method=java.lang.String.equals(Ljava/lang/Object;)Z @ 8
Event: 1.445 Thread 0x00000000034c2800 Uncommon trap: reason=unstable_if action=reinterpret pc=0x0000000003795df0 method=java.lang.String.replace(CC)Ljava/lang/String; @ 2
Event: 1.646 Thread 0x00000000034c2800 Uncommon trap: reason=unstable_if action=reinterpret pc=0x00000000038c6b1c method=java.nio.charset.CharsetDecoder.decode(Ljava/nio/ByteBuffer;Ljava/nio/CharBuffer;Z)Ljava/nio/charset/CoderResult; @ 1
Event: 1.647 Thread 0x00000000034c2800 Uncommon trap: reason=unstable_if action=reinterpret pc=0x0000000003afa5bc method=java.util.jar.JarFile.maybeInstantiateVerifier()V @ 75
Event: 1.750 Thread 0x00000000034c2800 Uncommon trap: reason=unstable_if action=reinterpret pc=0x000000000393f114 method=java.util.HashMap.putVal(ILjava/lang/Object;Ljava/lang/Object;ZZ)Ljava/lang/Object; @ 236
Event: 2.000 Thread 0x00000000034c2800 Uncommon trap: reason=unstable_if action=reinterpret pc=0x0000000003932fbc method=java.lang.CharacterDataLatin1.isWhitespace(I)Z @ 14
Event: 2.099 Thread 0x00000000034c2800 Uncommon trap: reason=unstable_if action=reinterpret pc=0x00000000036ea9c8 method=java.net.URI.match(CJJ)Z @ 19

Classes redefined (0 events):
No events

Internal exceptions (10 events):
Event: 0.754 Thread 0x00000000034c2800 Exception <a 'java/lang/ArrayIndexOutOfBoundsException'> (0x00000000d729f530) thrown at [C:\workspace\8-2-build-windows-amd64-cygwin\jdk8u192\11897\hotspot\src\share\vm\runtime\sharedRuntime.cpp, line 605]
Event: 0.758 Thread 0x00000000034c2800 Exception <a 'java/lang/ArrayIndexOutOfBoundsException'> (0x00000000d72e5b60) thrown at [C:\workspace\8-2-build-windows-amd64-cygwin\jdk8u192\11897\hotspot\src\share\vm\runtime\sharedRuntime.cpp, line 605]
Event: 0.844 Thread 0x00000000034c2800 Exception <a 'java/lang/ArrayIndexOutOfBoundsException'> (0x00000000d5e56518) thrown at [C:\workspace\8-2-build-windows-amd64-cygwin\jdk8u192\11897\hotspot\src\share\vm\runtime\sharedRuntime.cpp, line 605]
Event: 0.845 Thread 0x00000000034c2800 Exception <a 'java/lang/ArrayIndexOutOfBoundsException'> (0x00000000d5e5ae78) thrown at [C:\workspace\8-2-build-windows-amd64-cygwin\jdk8u192\11897\hotspot\src\share\vm\runtime\sharedRuntime.cpp, line 605]
Event: 0.877 Thread 0x00000000034c2800 Exception <a 'java/lang/ArrayIndexOutOfBoundsException'> (0x00000000d6112398) thrown at [C:\workspace\8-2-build-windows-amd64-cygwin\jdk8u192\11897\hotspot\src\share\vm\runtime\sharedRuntime.cpp, line 605]
Event: 0.886 Thread 0x00000000034c2800 Exception <a 'java/lang/ArrayIndexOutOfBoundsException': 66> (0x00000000d622ed50) thrown at [C:\workspace\8-2-build-windows-amd64-cygwin\jdk8u192\11897\hotspot\src\share\vm\interpreter\interpreterRuntime.cpp, line 368]
Event: 1.252 Thread 0x00000000034c2800 Exception <a 'java/lang/NoClassDefFoundError': com/google/inject/servlet/ServletModuleTargetVisitor> (0x00000000d69f7960) thrown at [C:\workspace\8-2-build-windows-amd64-cygwin\jdk8u192\11897\hotspot\src\share\vm\classfile\systemDictionary.cpp, line 199]
Event: 1.252 Thread 0x00000000034c2800 Exception <a 'java/lang/NoClassDefFoundError'> (0x00000000d69f7960) thrown at [C:\workspace\8-2-build-windows-amd64-cygwin\jdk8u192\11897\hotspot\src\share\vm\prims\jvm.cpp, line 1439]
Event: 1.252 Thread 0x00000000034c2800 Exception <a 'java/lang/NoClassDefFoundError': javax/annotation/Priority> (0x00000000d69fc7c8) thrown at [C:\workspace\8-2-build-windows-amd64-cygwin\jdk8u192\11897\hotspot\src\share\vm\classfile\systemDictionary.cpp, line 199]
Event: 1.312 Thread 0x00000000034c2800 Implicit null exception at 0x00000000037ab65b to 0x00000000037ab805

Events (10 events):
Event: 2.143 loading class javax/crypto/Cipher
Event: 2.144 loading class javax/crypto/Cipher done
Event: 2.144 loading class javax/crypto/JceSecurityManager
Event: 2.144 loading class javax/crypto/JceSecurityManager done
Event: 2.144 loading class javax/crypto/CryptoPermissions
Event: 2.144 loading class javax/crypto/CryptoPermissions done
Event: 2.144 loading class javax/crypto/JceSecurity
Event: 2.145 loading class javax/crypto/JceSecurity done
Event: 2.145 loading class javax/crypto/JceSecurity$1
Event: 2.145 loading class javax/crypto/JceSecurity$1 done


Dynamic libraries:
0x00007ff627130000 - 0x00007ff627167000 	C:\Program Files\Java\jdk1.8.0_192\bin\java.exe
0x00007ffea1250000 - 0x00007ffea1431000 	C:\WINDOWS\SYSTEM32\ntdll.dll
0x00007ffe9f420000 - 0x00007ffe9f4d2000 	C:\WINDOWS\System32\KERNEL32.DLL
0x00007ffe9e270000 - 0x00007ffe9e4e3000 	C:\WINDOWS\System32\KERNELBASE.dll
0x00007ffe9ef20000 - 0x00007ffe9efc1000 	C:\WINDOWS\System32\ADVAPI32.dll
0x00007ffe9f4e0000 - 0x00007ffe9f57e000 	C:\WINDOWS\System32\msvcrt.dll
0x00007ffe9f080000 - 0x00007ffe9f0db000 	C:\WINDOWS\System32\sechost.dll
0x00007ffe9ebf0000 - 0x00007ffe9ed14000 	C:\WINDOWS\System32\RPCRT4.dll
0x00007ffe9f190000 - 0x00007ffe9f320000 	C:\WINDOWS\System32\USER32.dll
0x00007ffe9e6c0000 - 0x00007ffe9e6e0000 	C:\WINDOWS\System32\win32u.dll
0x00007ffe9f3f0000 - 0x00007ffe9f418000 	C:\WINDOWS\System32\GDI32.dll
0x00007ffe9dee0000 - 0x00007ffe9e072000 	C:\WINDOWS\System32\gdi32full.dll
0x00007ffe9e540000 - 0x00007ffe9e5df000 	C:\WINDOWS\System32\msvcp_win.dll
0x00007ffe9dde0000 - 0x00007ffe9ded8000 	C:\WINDOWS\System32\ucrtbase.dll
0x00007ffe95a80000 - 0x00007ffe95ce9000 	C:\WINDOWS\WinSxS\amd64_microsoft.windows.common-controls_6595b64144ccf1df_6.0.17134.648_none_fb45a0e93062a6d2\COMCTL32.dll
0x00007ffe9e840000 - 0x00007ffe9eb62000 	C:\WINDOWS\System32\combase.dll
0x00007ffe9e640000 - 0x00007ffe9e6ba000 	C:\WINDOWS\System32\bcryptPrimitives.dll
0x00007ffe9f0f0000 - 0x00007ffe9f11d000 	C:\WINDOWS\System32\IMM32.DLL
0x0000000074810000 - 0x00000000748e1000 	C:\Program Files\Java\jdk1.8.0_192\jre\bin\msvcr100.dll
0x0000000073f60000 - 0x0000000074803000 	C:\Program Files\Java\jdk1.8.0_192\jre\bin\server\jvm.dll
0x00007ffe9efd0000 - 0x00007ffe9efd8000 	C:\WINDOWS\System32\PSAPI.DLL
0x00007ffe9b800000 - 0x00007ffe9b809000 	C:\WINDOWS\SYSTEM32\WSOCK32.dll
0x00007ffe987c0000 - 0x00007ffe987ca000 	C:\WINDOWS\SYSTEM32\VERSION.dll
0x00007ffe9f120000 - 0x00007ffe9f18c000 	C:\WINDOWS\System32\WS2_32.dll
0x00007ffe9a310000 - 0x00007ffe9a333000 	C:\WINDOWS\SYSTEM32\WINMM.dll
0x00007ffe9a2d0000 - 0x00007ffe9a2fa000 	C:\WINDOWS\SYSTEM32\WINMMBASE.dll
0x00007ffe9e4f0000 - 0x00007ffe9e539000 	C:\WINDOWS\System32\cfgmgr32.dll
0x00007ffe94bf0000 - 0x00007ffe94bff000 	C:\Program Files\Java\jdk1.8.0_192\jre\bin\verify.dll
0x00007ffe79000000 - 0x00007ffe79029000 	C:\Program Files\Java\jdk1.8.0_192\jre\bin\java.dll
0x00007ffe78fd0000 - 0x00007ffe78ff3000 	C:\Program Files\Java\jdk1.8.0_192\jre\bin\instrument.dll
0x00007ffe94bd0000 - 0x00007ffe94be6000 	C:\Program Files\Java\jdk1.8.0_192\jre\bin\zip.dll
0x00007ffe9fde0000 - 0x00007ffea1220000 	C:\WINDOWS\System32\SHELL32.dll
0x00007ffe9f640000 - 0x00007ffe9f6e9000 	C:\WINDOWS\System32\shcore.dll
0x00007ffe9d6d0000 - 0x00007ffe9dddd000 	C:\WINDOWS\System32\windows.storage.dll
0x00007ffe9eb70000 - 0x00007ffe9ebc1000 	C:\WINDOWS\System32\shlwapi.dll
0x00007ffe9d5e0000 - 0x00007ffe9d5f1000 	C:\WINDOWS\System32\kernel.appcore.dll
0x00007ffe9d570000 - 0x00007ffe9d58f000 	C:\WINDOWS\System32\profapi.dll
0x00007ffe9d590000 - 0x00007ffe9d5dc000 	C:\WINDOWS\System32\powrprof.dll
0x00007ffe9d560000 - 0x00007ffe9d56a000 	C:\WINDOWS\System32\FLTLIB.DLL
0x00007ffe8f5f0000 - 0x00007ffe8f60a000 	H:\IntelliJ IDEA Community Edition 2018.3.2\bin\breakgen64.dll
0x00007ffe85fa0000 - 0x00007ffe85fba000 	C:\Program Files\Java\jdk1.8.0_192\jre\bin\net.dll
0x00007ffe9cd80000 - 0x00007ffe9cde6000 	C:\WINDOWS\system32\mswsock.dll
0x00007ffe9cf30000 - 0x00007ffe9cf47000 	C:\WINDOWS\SYSTEM32\CRYPTSP.dll
0x00007ffe9c960000 - 0x00007ffe9c993000 	C:\WINDOWS\system32\rsaenh.dll
0x00007ffe9d0c0000 - 0x00007ffe9d0e5000 	C:\WINDOWS\SYSTEM32\bcrypt.dll
0x00007ffe9d460000 - 0x00007ffe9d488000 	C:\WINDOWS\SYSTEM32\USERENV.dll
0x00007ffe9cf50000 - 0x00007ffe9cf5b000 	C:\WINDOWS\SYSTEM32\CRYPTBASE.dll
0x00007ffe9cb00000 - 0x00007ffe9cb38000 	C:\WINDOWS\SYSTEM32\IPHLPAPI.DLL
0x00007ffe9fb40000 - 0x00007ffe9fb48000 	C:\WINDOWS\System32\NSI.dll
0x00007ffe96f50000 - 0x00007ffe96f66000 	C:\WINDOWS\SYSTEM32\dhcpcsvc6.DLL
0x00007ffe96f30000 - 0x00007ffe96f4a000 	C:\WINDOWS\SYSTEM32\dhcpcsvc.DLL
0x00007ffe85f70000 - 0x00007ffe85f81000 	C:\Program Files\Java\jdk1.8.0_192\jre\bin\nio.dll
0x00007ffe8f520000 - 0x00007ffe8f52a000 	C:\Users\89598\AppData\Local\Temp\jansi-1.17.1-8097640068145137917.dll
0x00007ffe896a0000 - 0x00007ffe896aa000 	C:\Users\89598\AppData\Local\Temp\jansi-1.17.1-4617793100266428306.dll
0x00007ffe78fa0000 - 0x00007ffe78fc4000 	C:\Program Files\Java\jdk1.8.0_192\jre\bin\sunec.dll

VM Arguments:
jvm_args: -Dmaven.multiModuleProjectDirectory=H:\learnGit\miaosha -Dmaven.home=H:\maven\apache-maven-3.6.0 -Dclassworlds.conf=H:\maven\apache-maven-3.6.0\bin\m2.conf -javaagent:H:\IntelliJ IDEA Community Edition 2018.3.2\lib\idea_rt.jar=51840:H:\IntelliJ IDEA Community Edition 2018.3.2\bin -Dfile.encoding=UTF-8 
java_command: org.codehaus.classworlds.Launcher -Didea.version=2018.3.2 -s H:\maven\apache-maven-3.6.0\conf\settings.xml -Dmaven.repo.local=H:\maven\repository install
java_class_path (initial): H:\maven\apache-maven-3.6.0\boot\plexus-classworlds-2.5.2.jar;H:\IntelliJ IDEA Community Edition 2018.3.2\lib\idea_rt.jar
Launcher Type: SUN_STANDARD

Environment Variables:
PATH=C:\Program Files (x86)\Common Files\Oracle\Java\javapath;C:\WINDOWS\system32;C:\WINDOWS;C:\WINDOWS\System32\Wbem;C:\WINDOWS\System32\WindowsPowerShell\v1.0\;F:\BaiduYunDownload\opencv\build\x64\vc14\bin;C:\WINDOWS\System32\OpenSSH\;C:\Users\89598\AppData\Local\Microsoft\WindowsApps;
USERNAME=89598
OS=Windows_NT
PROCESSOR_IDENTIFIER=Intel64 Family 6 Model 60 Stepping 3, GenuineIntel



---------------  S Y S T E M  ---------------

OS: Windows 10.0 , 64 bit Build 17134 (10.0.17134.648)

CPU:total 4 (initial active 4) (4 cores per cpu, 1 threads per core) family 6 model 60 stepping 3, cmov, cx8, fxsr, mmx, sse, sse2, sse3, ssse3, sse4.1, sse4.2, popcnt, avx, avx2, aes, clmul, erms, lzcnt, tsc, tscinvbit, bmi1, bmi2

Memory: 4k page, physical 8325340k(496472k free), swap 15895876k(273884k free)

vm_info: Java HotSpot(TM) 64-Bit Server VM (25.192-b12) for windows-amd64 JRE (1.8.0_192-b12), built on Oct  6 2018 17:12:23 by "java_re" with MS VC++ 10.0 (VS2010)

time: Sun Mar 17 11:46:42 2019
timezone: 中国标准时间
elapsed time: 2 seconds (0d 0h 0m 2s)

